{
  "stats": {
    "suites": 1,
    "tests": 18,
    "passes": 18,
    "pending": 0,
    "failures": 0,
    "start": "2020-04-05T05:41:00.206Z",
    "end": "2020-04-05T05:41:04.543Z",
    "duration": 4337,
    "testsRegistered": 18,
    "passPercent": 100,
    "pendingPercent": 0,
    "other": 0,
    "hasOther": false,
    "skipped": 0,
    "hasSkipped": false
  },
  "results": [
    {
      "uuid": "6e2c919f-0c40-4fb3-becb-bc12509902ed",
      "title": "",
      "fullFile": "cypress/integration/examples/traversal.spec.js",
      "file": "cypress/integration/examples/traversal.spec.js",
      "beforeHooks": [],
      "afterHooks": [],
      "tests": [],
      "suites": [
        {
          "uuid": "37aa11cb-9eb0-41e0-ad2b-9803e7f2d588",
          "title": "Traversal",
          "fullFile": "",
          "file": "",
          "beforeHooks": [],
          "afterHooks": [],
          "tests": [
            {
              "title": ".children() - get child DOM elements",
              "fullTitle": "Traversal .children() - get child DOM elements",
              "timedOut": null,
              "duration": 364,
              "state": "passed",
              "speed": "slow",
              "pass": true,
              "fail": false,
              "pending": false,
              "context": null,
              "code": "// https://on.cypress.io/children\ncy.get('.traversal-breadcrumb').children('.active').should('contain', 'Data');",
              "err": {},
              "uuid": "899a0453-c499-4b7a-bb06-16f2e54098a3",
              "parentUUID": "37aa11cb-9eb0-41e0-ad2b-9803e7f2d588",
              "isHook": false,
              "skipped": false
            },
            {
              "title": ".closest() - get closest ancestor DOM element",
              "fullTitle": "Traversal .closest() - get closest ancestor DOM element",
              "timedOut": null,
              "duration": 164,
              "state": "passed",
              "speed": "slow",
              "pass": true,
              "fail": false,
              "pending": false,
              "context": null,
              "code": "// https://on.cypress.io/closest\ncy.get('.traversal-badge').closest('ul').should('have.class', 'list-group');",
              "err": {},
              "uuid": "011ea852-e11f-4e01-ba40-c54b7d8bf58e",
              "parentUUID": "37aa11cb-9eb0-41e0-ad2b-9803e7f2d588",
              "isHook": false,
              "skipped": false
            },
            {
              "title": ".eq() - get a DOM element at a specific index",
              "fullTitle": "Traversal .eq() - get a DOM element at a specific index",
              "timedOut": null,
              "duration": 190,
              "state": "passed",
              "speed": "slow",
              "pass": true,
              "fail": false,
              "pending": false,
              "context": null,
              "code": "// https://on.cypress.io/eq\ncy.get('.traversal-list>li').eq(1).should('contain', 'siamese');",
              "err": {},
              "uuid": "3aeadb00-2587-40d8-9b5f-a082e23cfac2",
              "parentUUID": "37aa11cb-9eb0-41e0-ad2b-9803e7f2d588",
              "isHook": false,
              "skipped": false
            },
            {
              "title": ".filter() - get DOM elements that match the selector",
              "fullTitle": "Traversal .filter() - get DOM elements that match the selector",
              "timedOut": null,
              "duration": 127,
              "state": "passed",
              "speed": "slow",
              "pass": true,
              "fail": false,
              "pending": false,
              "context": null,
              "code": "// https://on.cypress.io/filter\ncy.get('.traversal-nav>li').filter('.active').should('contain', 'About');",
              "err": {},
              "uuid": "37bba7f7-5aa8-4e63-8c37-5cda9dbfd254",
              "parentUUID": "37aa11cb-9eb0-41e0-ad2b-9803e7f2d588",
              "isHook": false,
              "skipped": false
            },
            {
              "title": ".find() - get descendant DOM elements of the selector",
              "fullTitle": "Traversal .find() - get descendant DOM elements of the selector",
              "timedOut": null,
              "duration": 138,
              "state": "passed",
              "speed": "slow",
              "pass": true,
              "fail": false,
              "pending": false,
              "context": null,
              "code": "// https://on.cypress.io/find\ncy.get('.traversal-pagination').find('li').find('a').should('have.length', 7);",
              "err": {},
              "uuid": "226ea5f2-0401-4db1-af04-36896b717a8a",
              "parentUUID": "37aa11cb-9eb0-41e0-ad2b-9803e7f2d588",
              "isHook": false,
              "skipped": false
            },
            {
              "title": ".first() - get first DOM element",
              "fullTitle": "Traversal .first() - get first DOM element",
              "timedOut": null,
              "duration": 160,
              "state": "passed",
              "speed": "slow",
              "pass": true,
              "fail": false,
              "pending": false,
              "context": null,
              "code": "// https://on.cypress.io/first\ncy.get('.traversal-table td').first().should('contain', '1');",
              "err": {},
              "uuid": "2892adb7-9e3d-48b5-94ae-be1a929f1141",
              "parentUUID": "37aa11cb-9eb0-41e0-ad2b-9803e7f2d588",
              "isHook": false,
              "skipped": false
            },
            {
              "title": ".last() - get last DOM element",
              "fullTitle": "Traversal .last() - get last DOM element",
              "timedOut": null,
              "duration": 133,
              "state": "passed",
              "speed": "slow",
              "pass": true,
              "fail": false,
              "pending": false,
              "context": null,
              "code": "// https://on.cypress.io/last\ncy.get('.traversal-buttons .btn').last().should('contain', 'Submit');",
              "err": {},
              "uuid": "a71b0315-d00b-4e73-9eda-f1c02d9b3c52",
              "parentUUID": "37aa11cb-9eb0-41e0-ad2b-9803e7f2d588",
              "isHook": false,
              "skipped": false
            },
            {
              "title": ".next() - get next sibling DOM element",
              "fullTitle": "Traversal .next() - get next sibling DOM element",
              "timedOut": null,
              "duration": 157,
              "state": "passed",
              "speed": "slow",
              "pass": true,
              "fail": false,
              "pending": false,
              "context": null,
              "code": "// https://on.cypress.io/next\ncy.get('.traversal-ul').contains('apples').next().should('contain', 'oranges');",
              "err": {},
              "uuid": "cad7466f-faba-45e3-8b12-9a924fd09817",
              "parentUUID": "37aa11cb-9eb0-41e0-ad2b-9803e7f2d588",
              "isHook": false,
              "skipped": false
            },
            {
              "title": ".nextAll() - get all next sibling DOM elements",
              "fullTitle": "Traversal .nextAll() - get all next sibling DOM elements",
              "timedOut": null,
              "duration": 179,
              "state": "passed",
              "speed": "slow",
              "pass": true,
              "fail": false,
              "pending": false,
              "context": null,
              "code": "// https://on.cypress.io/nextall\ncy.get('.traversal-next-all').contains('oranges').nextAll().should('have.length', 3);",
              "err": {},
              "uuid": "82f96d8c-0b7c-404a-b13a-26543fb57208",
              "parentUUID": "37aa11cb-9eb0-41e0-ad2b-9803e7f2d588",
              "isHook": false,
              "skipped": false
            },
            {
              "title": ".nextUntil() - get next sibling DOM elements until next el",
              "fullTitle": "Traversal .nextUntil() - get next sibling DOM elements until next el",
              "timedOut": null,
              "duration": 139,
              "state": "passed",
              "speed": "slow",
              "pass": true,
              "fail": false,
              "pending": false,
              "context": null,
              "code": "// https://on.cypress.io/nextuntil\ncy.get('#veggies').nextUntil('#nuts').should('have.length', 3);",
              "err": {},
              "uuid": "d408cbb8-b9db-46b7-a2db-39c192f52762",
              "parentUUID": "37aa11cb-9eb0-41e0-ad2b-9803e7f2d588",
              "isHook": false,
              "skipped": false
            },
            {
              "title": ".not() - remove DOM elements from set of DOM elements",
              "fullTitle": "Traversal .not() - remove DOM elements from set of DOM elements",
              "timedOut": null,
              "duration": 157,
              "state": "passed",
              "speed": "slow",
              "pass": true,
              "fail": false,
              "pending": false,
              "context": null,
              "code": "// https://on.cypress.io/not\ncy.get('.traversal-disabled .btn').not('[disabled]').should('not.contain', 'Disabled');",
              "err": {},
              "uuid": "72896a52-2921-4f29-90d7-24e7c0a4c415",
              "parentUUID": "37aa11cb-9eb0-41e0-ad2b-9803e7f2d588",
              "isHook": false,
              "skipped": false
            },
            {
              "title": ".parent() - get parent DOM element from DOM elements",
              "fullTitle": "Traversal .parent() - get parent DOM element from DOM elements",
              "timedOut": null,
              "duration": 163,
              "state": "passed",
              "speed": "slow",
              "pass": true,
              "fail": false,
              "pending": false,
              "context": null,
              "code": "// https://on.cypress.io/parent\ncy.get('.traversal-mark').parent().should('contain', 'Morbi leo risus');",
              "err": {},
              "uuid": "5b203b44-1b07-4f89-8fe9-d3cff0e316c6",
              "parentUUID": "37aa11cb-9eb0-41e0-ad2b-9803e7f2d588",
              "isHook": false,
              "skipped": false
            },
            {
              "title": ".parents() - get parent DOM elements from DOM elements",
              "fullTitle": "Traversal .parents() - get parent DOM elements from DOM elements",
              "timedOut": null,
              "duration": 145,
              "state": "passed",
              "speed": "slow",
              "pass": true,
              "fail": false,
              "pending": false,
              "context": null,
              "code": "// https://on.cypress.io/parents\ncy.get('.traversal-cite').parents().should('match', 'blockquote');",
              "err": {},
              "uuid": "c4a5a864-043e-4418-b95d-32ce4912052e",
              "parentUUID": "37aa11cb-9eb0-41e0-ad2b-9803e7f2d588",
              "isHook": false,
              "skipped": false
            },
            {
              "title": ".parentsUntil() - get parent DOM elements from DOM elements until el",
              "fullTitle": "Traversal .parentsUntil() - get parent DOM elements from DOM elements until el",
              "timedOut": null,
              "duration": 162,
              "state": "passed",
              "speed": "slow",
              "pass": true,
              "fail": false,
              "pending": false,
              "context": null,
              "code": "// https://on.cypress.io/parentsuntil\ncy.get('.clothes-nav').find('.active').parentsUntil('.clothes-nav').should('have.length', 2);",
              "err": {},
              "uuid": "016adf58-7a2b-46b3-8675-01c31b06daa8",
              "parentUUID": "37aa11cb-9eb0-41e0-ad2b-9803e7f2d588",
              "isHook": false,
              "skipped": false
            },
            {
              "title": ".prev() - get previous sibling DOM element",
              "fullTitle": "Traversal .prev() - get previous sibling DOM element",
              "timedOut": null,
              "duration": 158,
              "state": "passed",
              "speed": "slow",
              "pass": true,
              "fail": false,
              "pending": false,
              "context": null,
              "code": "// https://on.cypress.io/prev\ncy.get('.birds').find('.active').prev().should('contain', 'Lorikeets');",
              "err": {},
              "uuid": "b7ef4d03-12ad-4e2d-8323-3ac638f1c959",
              "parentUUID": "37aa11cb-9eb0-41e0-ad2b-9803e7f2d588",
              "isHook": false,
              "skipped": false
            },
            {
              "title": ".prevAll() - get all previous sibling DOM elements",
              "fullTitle": "Traversal .prevAll() - get all previous sibling DOM elements",
              "timedOut": null,
              "duration": 123,
              "state": "passed",
              "speed": "slow",
              "pass": true,
              "fail": false,
              "pending": false,
              "context": null,
              "code": "// https://on.cypress.io/prevAll\ncy.get('.fruits-list').find('.third').prevAll().should('have.length', 2);",
              "err": {},
              "uuid": "6adf86b3-a14f-4a27-b7e8-97401a374f15",
              "parentUUID": "37aa11cb-9eb0-41e0-ad2b-9803e7f2d588",
              "isHook": false,
              "skipped": false
            },
            {
              "title": ".prevUntil() - get all previous sibling DOM elements until el",
              "fullTitle": "Traversal .prevUntil() - get all previous sibling DOM elements until el",
              "timedOut": null,
              "duration": 148,
              "state": "passed",
              "speed": "slow",
              "pass": true,
              "fail": false,
              "pending": false,
              "context": null,
              "code": "// https://on.cypress.io/prevUntil\ncy.get('.foods-list').find('#nuts').prevUntil('#veggies').should('have.length', 3);",
              "err": {},
              "uuid": "5216452c-b385-4ae2-af5a-62796b29ba49",
              "parentUUID": "37aa11cb-9eb0-41e0-ad2b-9803e7f2d588",
              "isHook": false,
              "skipped": false
            },
            {
              "title": ".siblings() - get all sibling DOM elements",
              "fullTitle": "Traversal .siblings() - get all sibling DOM elements",
              "timedOut": null,
              "duration": 138,
              "state": "passed",
              "speed": "slow",
              "pass": true,
              "fail": false,
              "pending": false,
              "context": null,
              "code": "// https://on.cypress.io/siblings\ncy.get('.traversal-pills .active').siblings().should('have.length', 2);",
              "err": {},
              "uuid": "12dd5b71-e7e3-4612-993d-4df9bb32bddc",
              "parentUUID": "37aa11cb-9eb0-41e0-ad2b-9803e7f2d588",
              "isHook": false,
              "skipped": false
            }
          ],
          "suites": [],
          "passes": [
            "899a0453-c499-4b7a-bb06-16f2e54098a3",
            "011ea852-e11f-4e01-ba40-c54b7d8bf58e",
            "3aeadb00-2587-40d8-9b5f-a082e23cfac2",
            "37bba7f7-5aa8-4e63-8c37-5cda9dbfd254",
            "226ea5f2-0401-4db1-af04-36896b717a8a",
            "2892adb7-9e3d-48b5-94ae-be1a929f1141",
            "a71b0315-d00b-4e73-9eda-f1c02d9b3c52",
            "cad7466f-faba-45e3-8b12-9a924fd09817",
            "82f96d8c-0b7c-404a-b13a-26543fb57208",
            "d408cbb8-b9db-46b7-a2db-39c192f52762",
            "72896a52-2921-4f29-90d7-24e7c0a4c415",
            "5b203b44-1b07-4f89-8fe9-d3cff0e316c6",
            "c4a5a864-043e-4418-b95d-32ce4912052e",
            "016adf58-7a2b-46b3-8675-01c31b06daa8",
            "b7ef4d03-12ad-4e2d-8323-3ac638f1c959",
            "6adf86b3-a14f-4a27-b7e8-97401a374f15",
            "5216452c-b385-4ae2-af5a-62796b29ba49",
            "12dd5b71-e7e3-4612-993d-4df9bb32bddc"
          ],
          "failures": [],
          "pending": [],
          "skipped": [],
          "duration": 2945,
          "root": false,
          "rootEmpty": false,
          "_timeout": 2000
        }
      ],
      "passes": [],
      "failures": [],
      "pending": [],
      "skipped": [],
      "duration": 0,
      "root": true,
      "rootEmpty": true,
      "_timeout": 2000
    }
  ],
  "meta": {
    "mocha": {
      "version": "7.1.1"
    },
    "mochawesome": {
      "options": {
        "quiet": false,
        "reportFilename": "mochawesome",
        "saveHtml": true,
        "saveJson": true,
        "consoleReporter": "spec",
        "useInlineDiffs": false,
        "code": true
      },
      "version": "5.0.0"
    },
    "marge": {
      "options": {},
      "version": "4.1.0"
    }
  }
}